1450926490:start:extract             : skeleton
1450926490:end  :extract             : skeleton
1450926490:start:patch               : skeleton
1450926490:end  :patch               : skeleton
1450926490:start:configure           : skeleton
1450926490:end  :configure           : skeleton
1450926490:start:build               : skeleton
1450926490:end  :build               : skeleton
1450926490:start:install-target      : skeleton
1450926491:end  :install-target      : skeleton
1450926491:start:extract             : toolchain-external
1450926491:end  :extract             : toolchain-external
1450926491:start:patch               : toolchain-external
1450926491:end  :patch               : toolchain-external
1450926491:start:configure           : toolchain-external
1450926491:end  :configure           : toolchain-external
1450926491:start:build               : toolchain-external
1450926491:end  :build               : toolchain-external
1450926491:start:install-staging     : toolchain-external
1450926514:end  :install-staging     : toolchain-external
1450926514:start:install-target      : toolchain-external
1450926514:end  :install-target      : toolchain-external
1450926514:start:extract             : toolchain
1450926514:end  :extract             : toolchain
1450926514:start:patch               : toolchain
1450926514:end  :patch               : toolchain
1450926514:start:configure           : toolchain
1450926514:end  :configure           : toolchain
1450926514:start:build               : toolchain
1450926514:end  :build               : toolchain
1450926514:start:install-target      : toolchain
1450926514:end  :install-target      : toolchain
1450926514:start:extract             : host-pkgconf
1450926514:end  :extract             : host-pkgconf
1450926514:start:patch               : host-pkgconf
1450926514:end  :patch               : host-pkgconf
1450926514:start:configure           : host-pkgconf
1450926515:end  :configure           : host-pkgconf
1450926515:start:build               : host-pkgconf
1450926515:end  :build               : host-pkgconf
1450926515:start:install-host        : host-pkgconf
1450926515:end  :install-host        : host-pkgconf
1450926515:start:extract             : host-kmod
1450926515:end  :extract             : host-kmod
1450926515:start:patch               : host-kmod
1450926515:end  :patch               : host-kmod
1450926515:start:configure           : host-kmod
1450926520:end  :configure           : host-kmod
1450926520:start:build               : host-kmod
1450926522:end  :build               : host-kmod
1450926522:start:install-host        : host-kmod
1450926523:end  :install-host        : host-kmod
1450926523:start:extract             : host-m4
1450926523:end  :extract             : host-m4
1450926523:start:patch               : host-m4
1450926523:end  :patch               : host-m4
1450926523:start:configure           : host-m4
1450926539:end  :configure           : host-m4
1450926539:start:build               : host-m4
1450926541:end  :build               : host-m4
1450926541:start:install-host        : host-m4
1450926542:end  :install-host        : host-m4
1450926542:start:extract             : host-libtool
1450926542:end  :extract             : host-libtool
1450926542:start:patch               : host-libtool
1450926542:end  :patch               : host-libtool
1450926542:start:configure           : host-libtool
1450926547:end  :configure           : host-libtool
1450926547:start:build               : host-libtool
1450926547:end  :build               : host-libtool
1450926547:start:install-host        : host-libtool
1450926548:end  :install-host        : host-libtool
1450926548:start:extract             : host-autoconf
1450926548:end  :extract             : host-autoconf
1450926548:start:patch               : host-autoconf
1450926548:end  :patch               : host-autoconf
1450926548:start:configure           : host-autoconf
1450926549:end  :configure           : host-autoconf
1450926549:start:build               : host-autoconf
1450926550:end  :build               : host-autoconf
1450926550:start:install-host        : host-autoconf
1450926550:end  :install-host        : host-autoconf
1450926551:start:extract             : host-automake
1450926551:end  :extract             : host-automake
1450926551:start:patch               : host-automake
1450926551:end  :patch               : host-automake
1450926551:start:configure           : host-automake
1450926552:end  :configure           : host-automake
1450926552:start:build               : host-automake
1450926552:end  :build               : host-automake
1450926552:start:install-host        : host-automake
1450926552:end  :install-host        : host-automake
1450926553:start:extract             : host-lzo
1450926553:end  :extract             : host-lzo
1450926553:start:patch               : host-lzo
1450926553:end  :patch               : host-lzo
1450926553:start:configure           : host-lzo
1450926563:end  :configure           : host-lzo
1450926563:start:build               : host-lzo
1450926565:end  :build               : host-lzo
1450926565:start:install-host        : host-lzo
1450926565:end  :install-host        : host-lzo
1450926565:start:extract             : host-lzop
1450926565:end  :extract             : host-lzop
1450926565:start:patch               : host-lzop
1450926565:end  :patch               : host-lzop
1450926565:start:configure           : host-lzop
1450926572:end  :configure           : host-lzop
1450926572:start:build               : host-lzop
1450926573:end  :build               : host-lzop
1450926573:start:install-host        : host-lzop
1450926573:end  :install-host        : host-lzop
1450926573:start:extract             : host-uboot-tools
1450926575:end  :extract             : host-uboot-tools
1450926575:start:patch               : host-uboot-tools
1450926575:end  :patch               : host-uboot-tools
1450926575:start:configure           : host-uboot-tools
1450926575:end  :configure           : host-uboot-tools
1450926575:start:build               : host-uboot-tools
1450926579:end  :build               : host-uboot-tools
1450926579:start:install-host        : host-uboot-tools
1450926579:end  :install-host        : host-uboot-tools
1450926607:start:configure           : linux
1450926607:end  :configure           : linux
1450926607:start:build               : linux
1450926683:end  :build               : linux
1450926683:start:install-staging     : linux
1450926683:end  :install-staging     : linux
1450926683:start:install-target      : linux
1450926685:end  :install-target      : linux
1450926685:start:install-image       : linux
1450926685:end  :install-image       : linux
1450926685:start:configure           : ProCaptureTK1
1450926685:end  :configure           : ProCaptureTK1
1450926685:start:build               : ProCaptureTK1
1450926686:end  :build               : ProCaptureTK1
1450926686:start:install-target      : ProCaptureTK1
1450926687:end  :install-target      : ProCaptureTK1
1450926687:start:extract             : alsa-lib
1450926687:end  :extract             : alsa-lib
1450926687:start:patch               : alsa-lib
1450926687:end  :patch               : alsa-lib
1450926687:start:configure           : alsa-lib
1450926697:end  :configure           : alsa-lib
1450926697:start:build               : alsa-lib
1450926706:end  :build               : alsa-lib
1450926706:start:install-staging     : alsa-lib
1450926707:end  :install-staging     : alsa-lib
1450926707:start:install-target      : alsa-lib
1450926707:end  :install-target      : alsa-lib
1450926707:start:extract             : host-gettext
1450926708:end  :extract             : host-gettext
1450926708:start:patch               : host-gettext
1450926708:end  :patch               : host-gettext
1450926708:start:configure           : host-gettext
1450926739:end  :configure           : host-gettext
1450926739:start:build               : host-gettext
1450926779:end  :build               : host-gettext
1450926779:start:install-host        : host-gettext
1450926781:end  :install-host        : host-gettext
1450926781:start:extract             : busybox
1450926781:end  :extract             : busybox
1450926781:start:patch               : busybox
1450926781:end  :patch               : busybox
1450926786:start:configure           : busybox
1450926786:end  :configure           : busybox
1450926786:start:build               : busybox
1450926797:end  :build               : busybox
1450926797:start:install-target      : busybox
1450926798:end  :install-target      : busybox
1450926798:start:extract             : host-ncurses
1450926799:end  :extract             : host-ncurses
1450926799:start:patch               : host-ncurses
1450926799:end  :patch               : host-ncurses
1450926799:start:configure           : host-ncurses
1450926804:end  :configure           : host-ncurses
1450926804:start:build               : host-ncurses
1450926810:end  :build               : host-ncurses
1450926810:start:install-host        : host-ncurses
1450926824:end  :install-host        : host-ncurses
1450926824:start:extract             : ncurses
1450926824:end  :extract             : ncurses
1450926824:start:patch               : ncurses
1450926825:end  :patch               : ncurses
1450926825:start:configure           : ncurses
1450926828:end  :configure           : ncurses
1450926828:start:build               : ncurses
1450926832:end  :build               : ncurses
1450926832:start:install-staging     : ncurses
1450926833:end  :install-staging     : ncurses
1450926833:start:install-target      : ncurses
1450926833:end  :install-target      : ncurses
1450926833:start:extract             : alsa-utils
1450926833:end  :extract             : alsa-utils
1450926833:start:patch               : alsa-utils
1450926833:end  :patch               : alsa-utils
1450926833:start:configure           : alsa-utils
1450926839:end  :configure           : alsa-utils
1450926839:start:build               : alsa-utils
1450926842:end  :build               : alsa-utils
1450926842:start:install-staging     : alsa-utils
1450926843:end  :install-staging     : alsa-utils
1450926843:start:install-target      : alsa-utils
1450926843:end  :install-target      : alsa-utils
1450926924:start:configure           : board_ti8107
1450926924:end  :configure           : board_ti8107
1450926924:start:build               : board_ti8107
1450927319:end  :build               : board_ti8107
1450927319:start:install-target      : board_ti8107
1450927319:end  :install-target      : board_ti8107
1450927319:start:extract             : host-e2fsprogs
1450927320:end  :extract             : host-e2fsprogs
1450927320:start:patch               : host-e2fsprogs
1450927320:end  :patch               : host-e2fsprogs
1450927320:start:configure           : host-e2fsprogs
1450927330:end  :configure           : host-e2fsprogs
1450927330:start:build               : host-e2fsprogs
1450927337:end  :build               : host-e2fsprogs
1450927337:start:install-host        : host-e2fsprogs
1450927337:end  :install-host        : host-e2fsprogs
1450927338:start:extract             : host-genext2fs
1450927338:end  :extract             : host-genext2fs
1450927338:start:patch               : host-genext2fs
1450927338:end  :patch               : host-genext2fs
1450927338:start:configure           : host-genext2fs
1450927340:end  :configure           : host-genext2fs
1450927340:start:build               : host-genext2fs
1450927341:end  :build               : host-genext2fs
1450927342:start:install-host        : host-genext2fs
1450927342:end  :install-host        : host-genext2fs
1450927342:start:extract             : initscripts
1450927342:end  :extract             : initscripts
1450927342:start:patch               : initscripts
1450927342:end  :patch               : initscripts
1450927342:start:configure           : initscripts
1450927342:end  :configure           : initscripts
1450927342:start:build               : initscripts
1450927342:end  :build               : initscripts
1450927342:start:install-target      : initscripts
1450927342:end  :install-target      : initscripts
1450927342:start:extract             : libjpeg
1450927342:end  :extract             : libjpeg
1450927342:start:patch               : libjpeg
1450927342:end  :patch               : libjpeg
1450927342:start:configure           : libjpeg
1450927344:end  :configure           : libjpeg
1450927344:start:build               : libjpeg
1450927347:end  :build               : libjpeg
1450927347:start:install-staging     : libjpeg
1450927347:end  :install-staging     : libjpeg
1450927347:start:install-target      : libjpeg
1450927347:end  :install-target      : libjpeg
1450927347:start:extract             : jpeg
1450927347:end  :extract             : jpeg
1450927347:start:patch               : jpeg
1450927347:end  :patch               : jpeg
1450927347:start:configure           : jpeg
1450927347:end  :configure           : jpeg
1450927347:start:build               : jpeg
1450927347:end  :build               : jpeg
1450927347:start:install-target      : jpeg
1450927347:end  :install-target      : jpeg
1450927347:start:extract             : zlib
1450927347:end  :extract             : zlib
1450927347:start:patch               : zlib
1450927347:end  :patch               : zlib
1450927347:start:configure           : zlib
1450927348:end  :configure           : zlib
1450927348:start:build               : zlib
1450927351:end  :build               : zlib
1450927351:start:install-staging     : zlib
1450927351:end  :install-staging     : zlib
1450927351:start:install-target      : zlib
1450927351:end  :install-target      : zlib
1450927352:start:extract             : libpng
1450927352:end  :extract             : libpng
1450927352:start:patch               : libpng
1450927352:end  :patch               : libpng
1450927352:start:configure           : libpng
1450927354:end  :configure           : libpng
1450927354:start:build               : libpng
1450927357:end  :build               : libpng
1450927357:start:install-staging     : libpng
1450927357:end  :install-staging     : libpng
1450927357:start:install-target      : libpng
1450927357:end  :install-target      : libpng
1450927357:start:extract             : lzo
1450927357:end  :extract             : lzo
1450927357:start:patch               : lzo
1450927357:end  :patch               : lzo
1450927357:start:configure           : lzo
1450927370:end  :configure           : lzo
1450927370:start:build               : lzo
1450927373:end  :build               : lzo
1450927373:start:install-staging     : lzo
1450927373:end  :install-staging     : lzo
1450927373:start:install-target      : lzo
1450927373:end  :install-target      : lzo
1450927373:start:extract             : host-mke2img
1450927373:end  :extract             : host-mke2img
1450927373:start:patch               : host-mke2img
1450927373:end  :patch               : host-mke2img
1450927373:start:configure           : host-mke2img
1450927373:end  :configure           : host-mke2img
1450927373:start:build               : host-mke2img
1450927373:end  :build               : host-mke2img
1450927373:start:install-host        : host-mke2img
1450927373:end  :install-host        : host-mke2img
1450927373:start:extract             : mtd
1450927373:end  :extract             : mtd
1450927373:start:patch               : mtd
1450927373:end  :patch               : mtd
1450927373:start:configure           : mtd
1450927373:end  :configure           : mtd
1450927373:start:build               : mtd
1450927376:end  :build               : mtd
1450927376:start:install-staging     : mtd
1450927376:end  :install-staging     : mtd
1450927376:start:install-target      : mtd
1450927376:end  :install-target      : mtd
1450927376:start:extract             : pciutils
1450927376:end  :extract             : pciutils
1450927376:start:patch               : pciutils
1450927376:end  :patch               : pciutils
1450927376:start:configure           : pciutils
1450927376:end  :configure           : pciutils
1450927376:start:build               : pciutils
1450927377:end  :build               : pciutils
1450927377:start:install-staging     : pciutils
1450927377:end  :install-staging     : pciutils
1450927377:start:install-target      : pciutils
1450927377:end  :install-target      : pciutils
1450927379:start:extract             : qt
1450927387:end  :extract             : qt
1450927387:start:patch               : qt
1450927387:end  :patch               : qt
1450927387:start:configure           : qt
1450927434:end  :configure           : qt
1450927434:start:build               : qt
1450927607:end  :build               : qt
1450927607:start:install-staging     : qt
1450927610:end  :install-staging     : qt
1450927610:start:install-target      : qt
1450927610:end  :install-target      : qt
1450927617:start:configure           : ti8107-nand-uboot
1450927617:end  :configure           : ti8107-nand-uboot
1450927617:start:build               : ti8107-nand-uboot
1450927630:end  :build               : ti8107-nand-uboot
1450927630:start:install-image       : ti8107-nand-uboot
1450927630:end  :install-image       : ti8107-nand-uboot
1450927630:start:configure           : ti8107-nandmin-uboot
1450927630:end  :configure           : ti8107-nandmin-uboot
1450927630:start:build               : ti8107-nandmin-uboot
1450927640:end  :build               : ti8107-nandmin-uboot
1450927640:start:install-image       : ti8107-nandmin-uboot
1450927640:end  :install-image       : ti8107-nandmin-uboot
1450927641:start:configure           : ti8107-sd-uboot
1450927641:end  :configure           : ti8107-sd-uboot
1450927641:start:build               : ti8107-sd-uboot
1450927653:end  :build               : ti8107-sd-uboot
1450927653:start:install-image       : ti8107-sd-uboot
1450927653:end  :install-image       : ti8107-sd-uboot
1450927653:start:configure           : ti8107-sdmin-uboot
1450927653:end  :configure           : ti8107-sdmin-uboot
1450927653:start:build               : ti8107-sdmin-uboot
1450927662:end  :build               : ti8107-sdmin-uboot
1450927662:start:install-image       : ti8107-sdmin-uboot
1450927662:end  :install-image       : ti8107-sdmin-uboot
1450927663:start:configure           : ti8107-spi-uboot
1450927663:end  :configure           : ti8107-spi-uboot
1450927663:start:build               : ti8107-spi-uboot
1450927675:end  :build               : ti8107-spi-uboot
1450927675:start:install-image       : ti8107-spi-uboot
1450927675:end  :install-image       : ti8107-spi-uboot
1450927676:start:configure           : ti8107-spimin-uboot
1450927676:end  :configure           : ti8107-spimin-uboot
1450927676:start:build               : ti8107-spimin-uboot
1450927685:end  :build               : ti8107-spimin-uboot
1450927685:start:install-image       : ti8107-spimin-uboot
1450927685:end  :install-image       : ti8107-spimin-uboot
1450927685:start:extract             : host-zlib
1450927685:end  :extract             : host-zlib
1450927685:start:patch               : host-zlib
1450927685:end  :patch               : host-zlib
1450927685:start:configure           : host-zlib
1450927685:end  :configure           : host-zlib
1450927685:start:build               : host-zlib
1450927689:end  :build               : host-zlib
1450927689:start:install-host        : host-zlib
1450927689:end  :install-host        : host-zlib
1450927689:start:extract             : host-cramfs
1450927689:end  :extract             : host-cramfs
1450927689:start:patch               : host-cramfs
1450927689:end  :patch               : host-cramfs
1450927689:start:configure           : host-cramfs
1450927689:end  :configure           : host-cramfs
1450927689:start:build               : host-cramfs
1450927689:end  :build               : host-cramfs
1450927689:start:install-host        : host-cramfs
1450927689:end  :install-host        : host-cramfs
1450927689:start:extract             : host-fakeroot
1450927689:end  :extract             : host-fakeroot
1450927689:start:patch               : host-fakeroot
1450927689:end  :patch               : host-fakeroot
1450927689:start:configure           : host-fakeroot
1450927695:end  :configure           : host-fakeroot
1450927695:start:build               : host-fakeroot
1450927696:end  :build               : host-fakeroot
1450927696:start:install-host        : host-fakeroot
1450927696:end  :install-host        : host-fakeroot
1450927696:start:extract             : host-makedevs
1450927696:end  :extract             : host-makedevs
1450927696:start:patch               : host-makedevs
1450927696:end  :patch               : host-makedevs
1450927696:start:configure           : host-makedevs
1450927696:end  :configure           : host-makedevs
1450927696:start:build               : host-makedevs
1450927696:end  :build               : host-makedevs
1450927696:start:install-host        : host-makedevs
1450927696:end  :install-host        : host-makedevs
1450927696:start:extract             : host-mtd
1450927696:end  :extract             : host-mtd
1450927696:start:patch               : host-mtd
1450927696:end  :patch               : host-mtd
1450927696:start:configure           : host-mtd
1450927696:end  :configure           : host-mtd
1450927696:start:build               : host-mtd
1450927704:end  :build               : host-mtd
1450927704:start:install-host        : host-mtd
1450927704:end  :install-host        : host-mtd
1450927704:start:extract             : host-lz4
1450927704:end  :extract             : host-lz4
1450927704:start:patch               : host-lz4
1450927704:end  :patch               : host-lz4
1450927704:start:configure           : host-lz4
1450927704:end  :configure           : host-lz4
1450927704:start:build               : host-lz4
1450927706:end  :build               : host-lz4
1450927706:start:install-host        : host-lz4
1450927707:end  :install-host        : host-lz4
1450927707:start:extract             : host-xz
1450927708:end  :extract             : host-xz
1450927708:start:patch               : host-xz
1450927708:end  :patch               : host-xz
1450927708:start:configure           : host-xz
1450927713:end  :configure           : host-xz
1450927713:start:build               : host-xz
1450927720:end  :build               : host-xz
1450927720:start:install-host        : host-xz
1450927721:end  :install-host        : host-xz
1450927721:start:extract             : host-squashfs
1450927721:end  :extract             : host-squashfs
1450927721:start:patch               : host-squashfs
1450927721:end  :patch               : host-squashfs
1450927721:start:configure           : host-squashfs
1450927721:end  :configure           : host-squashfs
1450927721:start:build               : host-squashfs
1450927722:end  :build               : host-squashfs
1450927722:start:install-host        : host-squashfs
1450927722:end  :install-host        : host-squashfs
